[32m2020-06-02T07:24:54.236Z - info: ✅ Mongodb Connected[39m
[32m2020-06-02T07:24:54.240Z - info: ✅ Connected to Database : logistics[39m
[31m2020-06-02T07:24:54.252Z - error: UNHANDLED REJECTIONIllegal arguments: undefined, number[39m
[32m2020-06-02T07:27:12.206Z - info: ✅ Mongodb Connected[39m
[32m2020-06-02T07:27:12.210Z - info: ✅ Connected to Database : logistics[39m
[31m2020-06-02T07:27:12.222Z - error: UNHANDLED REJECTIONIllegal arguments: undefined, number[39m
[32m2020-06-02T07:31:04.417Z - info: ✅ Mongodb Connected[39m
[32m2020-06-02T07:31:04.421Z - info: ✅ Connected to Database : logistics[39m
[31m2020-06-02T07:31:04.431Z - error: UNHANDLED REJECTIONIllegal arguments: undefined, number[39m
[32m2020-06-02T07:31:24.672Z - info: [0mPOST /api/v1/delivery/createOrder [33m400[0m 807.938 ms - 107[0m[39m
[32m[39m
[32m2020-06-02T07:32:31.455Z - info: ✅ Mongodb Connected[39m
[32m2020-06-02T07:32:31.461Z - info: ✅ Connected to Database : logistics[39m
[31m2020-06-02T07:32:31.470Z - error: UNHANDLED REJECTIONIllegal arguments: undefined, number[39m
[32m2020-06-02T07:32:42.819Z - info: [0mPOST /api/v1/delivery/createOrder [33m400[0m 768.651 ms - 107[0m[39m
[32m[39m
[32m2020-06-02T07:33:14.103Z - info: ✅ Mongodb Connected[39m
[32m2020-06-02T07:33:14.105Z - info: ✅ Connected to Database : logistics[39m
[31m2020-06-02T07:33:14.116Z - error: UNHANDLED REJECTIONIllegal arguments: undefined, number[39m
[32m2020-06-02T07:33:20.047Z - info: [0mPOST /api/v1/delivery/createOrder [33m400[0m 572.911 ms - 290[0m[39m
[32m[39m
[32m2020-06-02T07:35:22.302Z - info: ✅ Mongodb Connected[39m
[32m2020-06-02T07:35:22.306Z - info: ✅ Connected to Database : logistics[39m
[31m2020-06-02T07:35:22.316Z - error: UNHANDLED REJECTIONIllegal arguments: undefined, number[39m
[32m2020-06-02T07:35:35.494Z - info: [0mPOST /api/v1/delivery/createOrder [33m400[0m 805.776 ms - 49[0m[39m
[32m[39m
[32m2020-06-02T07:38:33.178Z - info: ✅ Mongodb Connected[39m
[32m2020-06-02T07:38:33.181Z - info: ✅ Connected to Database : logistics[39m
[31m2020-06-02T07:38:33.189Z - error: UNHANDLED REJECTIONIllegal arguments: undefined, number[39m
[32m2020-06-02T07:38:44.833Z - info: ✅ Mongodb Connected[39m
[32m2020-06-02T07:38:44.836Z - info: ✅ Connected to Database : logistics[39m
[31m2020-06-02T07:38:44.847Z - error: UNHANDLED REJECTIONIllegal arguments: undefined, number[39m
[32m2020-06-02T07:38:49.286Z - info: [0mPOST /api/v1/delivery/createOrder [33m400[0m 731.177 ms - 49[0m[39m
[32m[39m
[32m2020-06-02T07:40:41.323Z - info: [0mPOST /api/v1/delivery/createOrder [33m400[0m 898.817 ms - 49[0m[39m
[32m[39m
[32m2020-06-02T07:40:55.814Z - info: [0mGET /api/v1/delivery/generateWayBill [32m200[0m 713.342 ms - 39[0m[39m
[32m[39m
[32m2020-06-02T07:41:15.721Z - info: [0mPOST /api/v1/delivery/createOrder [33m400[0m 743.511 ms - 49[0m[39m
[32m[39m
[32m2020-06-02T07:41:31.033Z - info: [0mGET /api/v1/delivery/generateWayBill [32m200[0m 436.485 ms - 39[0m[39m
[32m[39m
[32m2020-06-02T07:42:09.814Z - info: [0mGET /api/v1/delivery/generateWayBill [32m200[0m 760.953 ms - 39[0m[39m
[32m[39m
[32m2020-06-02T07:42:26.191Z - info: [0mPOST /api/v1/delivery/createOrder [32m200[0m 1048.904 ms - 583[0m[39m
[32m[39m
[32m2020-06-02T07:42:45.373Z - info: [0mGET /api/v1/delivery/generateWayBill [32m200[0m 560.949 ms - 39[0m[39m
[32m[39m
[32m2020-06-02T07:42:57.247Z - info: [0mGET /api/v1/delivery/generateWayBill [32m200[0m 480.570 ms - 39[0m[39m
[32m[39m
[32m2020-06-02T07:43:13.849Z - info: [0mPOST /api/v1/delivery/createOrder [33m400[0m 1002.374 ms - 49[0m[39m
[32m[39m
[32m2020-06-02T07:51:24.792Z - info: ✅ Mongodb Connected[39m
[32m2020-06-02T07:51:24.795Z - info: ✅ Connected to Database : logistics[39m
[31m2020-06-02T07:51:24.805Z - error: UNHANDLED REJECTIONIllegal arguments: undefined, number[39m
[32m2020-06-02T07:51:44.901Z - info: ✅ Mongodb Connected[39m
[32m2020-06-02T07:51:44.905Z - info: ✅ Connected to Database : logistics[39m
[31m2020-06-02T07:51:44.914Z - error: UNHANDLED REJECTIONIllegal arguments: undefined, number[39m
[31m2020-06-02T07:52:00.062Z - error: deliveryService.generateWayBill is not a function[39m
[32m2020-06-02T07:52:00.077Z - info: [0mPOST /api/v1/delivery/createOrder [31m500[0m 58.559 ms - 1075[0m[39m
[32m[39m
[32m2020-06-02T07:53:25.998Z - info: ✅ Mongodb Connected[39m
[32m2020-06-02T07:53:26.003Z - info: ✅ Connected to Database : logistics[39m
[31m2020-06-02T07:53:26.017Z - error: UNHANDLED REJECTIONIllegal arguments: undefined, number[39m
[32m2020-06-02T07:53:33.581Z - info: [0mPOST /api/v1/delivery/createOrder [32m200[0m 2679.808 ms - 655[0m[39m
[32m[39m
[32m2020-06-02T07:53:56.776Z - info: [0mPOST /api/v1/delivery/createOrder [32m200[0m 1258.598 ms - 445[0m[39m
[32m[39m
[32m2020-06-02T07:54:27.236Z - info: ✅ Mongodb Connected[39m
[32m2020-06-02T07:54:27.238Z - info: ✅ Connected to Database : logistics[39m
[31m2020-06-02T07:54:27.246Z - error: UNHANDLED REJECTIONIllegal arguments: undefined, number[39m
[32m2020-06-02T07:54:29.125Z - info: [0mGET /api/v1/delivery/cancelOrder/4631010006090 [32m200[0m 58.821 ms - 46[0m[39m
[32m[39m
[32m2020-06-02T07:55:37.974Z - info: ✅ Mongodb Connected[39m
[32m2020-06-02T07:55:37.977Z - info: ✅ Connected to Database : logistics[39m
[31m2020-06-02T07:55:37.987Z - error: UNHANDLED REJECTIONIllegal arguments: undefined, number[39m
[32m2020-06-02T07:55:42.638Z - info: [0mGET /api/v1/delivery/cancelOrder/4631010006090 [32m200[0m 1375.784 ms - 57[0m[39m
[32m[39m
[32m2020-06-02T07:55:46.901Z - info: [0mGET /api/v1/delivery/cancelOrder/463101000609 [32m200[0m 711.616 ms - 16[0m[39m
[32m[39m
[32m2020-06-02T07:55:49.534Z - info: [0mGET /api/v1/delivery/cancelOrder/4631010006090 [32m200[0m 638.968 ms - 57[0m[39m
[32m[39m
[32m2020-06-02T07:56:20.856Z - info: ✅ Mongodb Connected[39m
[32m2020-06-02T07:56:20.860Z - info: ✅ Connected to Database : logistics[39m
[31m2020-06-02T07:56:20.869Z - error: UNHANDLED REJECTIONIllegal arguments: undefined, number[39m
[32m2020-06-02T07:56:24.083Z - info: [0mGET /api/v1/delivery/cancelOrder/4631010006090 [32m200[0m 767.464 ms - 57[0m[39m
[32m[39m
[32m2020-06-02T07:56:33.066Z - info: [0mGET /api/v1/delivery/cancelOrder/463101000609 [32m200[0m 632.644 ms - 16[0m[39m
[32m[39m
[32m2020-06-02T07:57:09.239Z - info: ✅ Mongodb Connected[39m
[32m2020-06-02T07:57:09.245Z - info: ✅ Connected to Database : logistics[39m
[31m2020-06-02T07:57:09.258Z - error: UNHANDLED REJECTIONIllegal arguments: undefined, number[39m
[32m2020-06-02T07:57:13.463Z - info: [0mGET /api/v1/delivery/cancelOrder/463101000609 [33m400[0m 889.590 ms - 72[0m[39m
[32m[39m
